<?xml version="1.0" encoding="utf-8"?><testsuites name="pytest tests"><testsuite name="pytest" errors="0" failures="0" skipped="2" tests="272" time="310.398" timestamp="2026-07-01T20:53:44.931568-04:00" hostname="DESKTOP-TS4J9KU"><testcase classname="tests.test_authority" name="test_data_generator_deterministic" time="0.003" /><testcase classname="tests.test_authority" name="test_classifier_is_accurate_and_calibrated" time="0.001" /><testcase classname="tests.test_authority" name="test_text_based_attacks_are_resisted" time="0.001" /><testcase classname="tests.test_authority" name="test_training_excludes_feature_identical_forgeries" time="0.009" /><testcase classname="tests.test_authority" name="test_error_propagates_but_stays_bounded" time="0.001" /><testcase classname="tests.test_authority" name="test_blind_set_present_and_valid" time="0.005" /><testcase classname="tests.test_balanced_sft" name="test_balanced_records_equalize_category_budget" time="0.002" /><testcase classname="tests.test_balanced_sft" name="test_balanced_builder_writes_leakage_free_splits" time="3.381" /><testcase classname="tests.test_channel_probe" name="test_channel_mask_none_is_a_noop" time="0.023" /><testcase classname="tests.test_channel_probe" name="test_zeroing_all_channels_changes_output_more_than_one" time="0.032" /><testcase classname="tests.test_chat" name="test_conversation_turn_returns_text_and_tracks_transcript" time="0.252" /><testcase classname="tests.test_chat" name="test_checkpoint_roundtrip" time="0.042" /><testcase classname="tests.test_cognitive_authority" name="test_full_loop_solves_every_scenario" time="0.001" /><testcase classname="tests.test_cognitive_authority" name="test_every_ablation_is_strictly_worse" time="0.002" /><testcase classname="tests.test_cognitive_authority" name="test_untrusted_document_never_overwrites_a_verified_fact" time="0.001" /><testcase classname="tests.test_cognitive_authority" name="test_removing_authority_lets_the_poison_win" time="0.001" /><testcase classname="tests.test_cognitive_authority" name="test_removing_supersession_keeps_the_stale_fact" time="0.001" /><testcase classname="tests.test_cognitive_authority" name="test_uncertainty_is_honest_under_full_loop" time="0.001" /><testcase classname="tests.test_cognitive_authority" name="test_trace_logs_every_stage" time="0.001" /><testcase classname="tests.test_cognitive_suite_v2" name="test_generator_is_deterministic" time="0.025" /><testcase classname="tests.test_cognitive_suite_v2" name="test_all_families_present" time="0.003" /><testcase classname="tests.test_cognitive_suite_v2" name="test_full_policy_is_correct_on_its_spec" time="0.026" /><testcase classname="tests.test_cognitive_suite_v2" name="test_full_policy_never_poisoned" time="0.017" /><testcase classname="tests.test_cognitive_suite_v2" name="test_every_ablation_is_worse_than_full" time="0.034" /><testcase classname="tests.test_cognitive_suite_v2" name="test_full_beats_baselines_on_value_accuracy" time="0.028" /><testcase classname="tests.test_cognitive_suite_v2" name="test_holdouts_resisted" time="0.010" /><testcase classname="tests.test_cognitive_suite_v2" name="test_gate_passes_small_scale" time="0.094" /><testcase classname="tests.test_coherent_inference" name="test_deterministic_answer_handles_arithmetic_and_known_facts" time="0.001" /><testcase classname="tests.test_coherent_inference" name="test_clean_reply_stops_at_turn_boundary_and_sentence" time="0.001" /><testcase classname="tests.test_coherent_inference" name="test_coherence_warning_catches_repetition" time="0.001" /><testcase classname="tests.test_coherent_inference" name="test_surface_failure_reason_catches_empty_repetition_echo_and_markers" time="0.001" /><testcase classname="tests.test_coherent_inference" name="test_respond_uses_tools_before_model_when_enabled" time="0.001" /><testcase classname="tests.test_coherent_inference" name="test_respond_falls_back_on_bad_model_output" time="0.001" /><testcase classname="tests.test_coherent_inference" name="test_run_probes_reports_rates" time="0.001" /><testcase classname="tests.test_coherent_inference" name="test_tool_answers_do_not_count_as_model_only_success" time="0.001" /><testcase classname="tests.test_corpus" name="test_only_safe_commercial_sources_are_used" time="0.001" /><testcase classname="tests.test_corpus" name="test_parse_header_and_clean_strip_bracket_line" time="0.001" /><testcase classname="tests.test_corpus" name="test_quality_score_range" time="0.001" /><testcase classname="tests.test_corpus" name="test_byte_corpus_document_uniform_sampling" time="0.026" /><testcase classname="tests.test_dataset_prep" name="test_records_round_trip_through_jsonl" time="0.005" /><testcase classname="tests.test_dataset_prep" name="test_invalid_records_are_rejected" time="0.001" /><testcase classname="tests.test_dataset_prep" name="test_build_clean_dataset_drops_invalid_and_counts_reasons" time="0.004" /><testcase classname="tests.test_dataset_prep" name="test_exact_duplicates_are_removed" time="0.004" /><testcase classname="tests.test_dataset_prep" name="test_near_duplicates_and_pair_duplicates_are_removed" time="0.004" /><testcase classname="tests.test_dataset_prep" name="test_no_leakage_between_train_val_test" time="0.047" /><testcase classname="tests.test_dataset_prep" name="test_leakage_check_actually_detects_overlap" time="0.008" /><testcase classname="tests.test_dataset_prep" name="test_shard_creation_produces_exact_requested_shards_and_sizes" time="0.054" /><testcase classname="tests.test_dataset_prep" name="test_split_raises_if_not_enough_clean_records" time="0.006" /><testcase classname="tests.test_dataset_prep" name="test_split_is_deterministic_given_the_same_seed" time="0.059" /><testcase classname="tests.test_dataset_prep" name="test_different_seeds_give_different_shuffles" time="0.063" /><testcase classname="tests.test_dataset_prep" name="test_manifest_records_counts_and_category_distribution" time="0.027" /><testcase classname="tests.test_eval_harness" name="test_train_val_split_is_disjoint" time="0.001" /><testcase classname="tests.test_eval_harness" name="test_baselines_train_and_are_causal" time="0.023" /><testcase classname="tests.test_eval_harness" name="test_compare_reports_heldout_for_all" time="6.562" /><testcase classname="tests.test_generalization_eval" name="test_novel_prompt_suite_has_at_least_200_prompts" time="0.002" /><testcase classname="tests.test_generalization_eval" name="test_classify_prompt_seen_matches_normalized_training_text" time="0.001" /><testcase classname="tests.test_generalization_eval" name="test_sample_memorized_probes_uses_real_training_gold_answers" time="0.001" /><testcase classname="tests.test_generalization_eval" name="test_run_generalization_eval_produces_expected_summary_shape" time="0.714" /><testcase classname="tests.test_generalization_eval" name="test_summarize_generalization_handles_prompts_with_no_check_function" time="0.001" /><testcase classname="tests.test_gpu_amp" name="test_masked_softmax_is_nan_free_in_fp16" time="0.006" /><testcase classname="tests.test_gpu_amp" name="test_masked_softmax_unchanged_in_fp32" time="0.005" /><testcase classname="tests.test_gpu_amp" name="test_rmsnorm_survives_large_fp16_inputs_and_matches_fp32" time="0.006" /><testcase classname="tests.test_gpu_amp" name="test_model_loss_and_backward_under_amp_autocast" time="0.001"><skipped type="pytest.skip" message="needs CUDA">C:\Users\lansky\Desktop\nueronce\tests\test_gpu_amp.py:70: needs CUDA</skipped></testcase><testcase classname="tests.test_gpu_amp" name="test_conversation_generates_on_cuda_model" time="0.001"><skipped type="pytest.skip" message="needs CUDA">C:\Users\lansky\Desktop\nueronce\tests\test_gpu_amp.py:84: needs CUDA</skipped></testcase><testcase classname="tests.test_ingestion" name="test_policy_gate_allows_clean_source" time="0.001" /><testcase classname="tests.test_ingestion" name="test_policy_gate_blocks" time="0.001" /><testcase classname="tests.test_ingestion" name="test_score_quality_bounds" time="0.001" /><testcase classname="tests.test_ingestion" name="test_crawler_stores_allowed_and_rejects_blocked" time="0.001" /><testcase classname="tests.test_integrated_eval" name="test_integrated_none_reproduces_contract_only" time="0.170" /><testcase classname="tests.test_integrated_eval" name="test_counterfactual_citations_identify_decisive_evidence" time="0.129" /><testcase classname="tests.test_integrated_eval" name="test_admitting_unsigned_by_channel_reintroduces_poison" time="0.188" /><testcase classname="tests.test_integrated_eval" name="test_trained_classifier_matches_oracle_end_to_end" time="1.743" /><testcase classname="tests.test_microtorch" name="test_elementwise_and_reduction_grads[&lt;lambda&gt;0]" time="0.002" /><testcase classname="tests.test_microtorch" name="test_elementwise_and_reduction_grads[&lt;lambda&gt;1]" time="0.002" /><testcase classname="tests.test_microtorch" name="test_elementwise_and_reduction_grads[&lt;lambda&gt;2]" time="0.002" /><testcase classname="tests.test_microtorch" name="test_elementwise_and_reduction_grads[&lt;lambda&gt;3]" time="0.003" /><testcase classname="tests.test_microtorch" name="test_elementwise_and_reduction_grads[&lt;lambda&gt;4]" time="0.002" /><testcase classname="tests.test_microtorch" name="test_elementwise_and_reduction_grads[&lt;lambda&gt;5]" time="0.004" /><testcase classname="tests.test_microtorch" name="test_elementwise_and_reduction_grads[&lt;lambda&gt;6]" time="0.001" /><testcase classname="tests.test_microtorch" name="test_elementwise_and_reduction_grads[&lt;lambda&gt;7]" time="0.002" /><testcase classname="tests.test_microtorch" name="test_elementwise_and_reduction_grads[&lt;lambda&gt;8]" time="0.004" /><testcase classname="tests.test_microtorch" name="test_elementwise_and_reduction_grads[&lt;lambda&gt;9]" time="0.004" /><testcase classname="tests.test_microtorch" name="test_elementwise_and_reduction_grads[&lt;lambda&gt;10]" time="0.002" /><testcase classname="tests.test_microtorch" name="test_elementwise_and_reduction_grads[&lt;lambda&gt;11]" time="0.003" /><testcase classname="tests.test_microtorch" name="test_elementwise_and_reduction_grads[&lt;lambda&gt;12]" time="0.002" /><testcase classname="tests.test_microtorch" name="test_elementwise_and_reduction_grads[&lt;lambda&gt;13]" time="0.003" /><testcase classname="tests.test_microtorch" name="test_elementwise_and_reduction_grads[&lt;lambda&gt;14]" time="0.002" /><testcase classname="tests.test_microtorch" name="test_elementwise_and_reduction_grads[&lt;lambda&gt;15]" time="0.002" /><testcase classname="tests.test_microtorch" name="test_matmul_and_broadcast_grads" time="0.004" /><testcase classname="tests.test_microtorch" name="test_cross_entropy_grad" time="0.010" /><testcase classname="tests.test_microtorch" name="test_conv1d_causal_grad_and_causality" time="0.008" /><testcase classname="tests.test_microtorch" name="test_parity_with_pytorch_linear_softmax_ce" time="0.002" /><testcase classname="tests.test_microtorch" name="test_adamw_minimizes_quadratic" time="0.059" /><testcase classname="tests.test_microtorch" name="test_clip_grad_norm" time="0.001" /><testcase classname="tests.test_microtorch" name="test_microtorch_model_overfits" time="3.472" /><testcase classname="tests.test_microtorch_cfna_model" name="test_forward_and_loss_shapes" time="0.056" /><testcase classname="tests.test_microtorch_cfna_model" name="test_model_is_causal" time="0.040" /><testcase classname="tests.test_microtorch_cfna_model" name="test_retrieval_path_only_gets_gradient_when_used" time="0.116" /><testcase classname="tests.test_microtorch_cfna_model" name="test_num_params_matches_parameter_count" time="0.003" /><testcase classname="tests.test_microtorch_cfna_model" name="test_generate_runs_and_returns_bytes" time="0.294" /><testcase classname="tests.test_microtorch_cfna_model" name="test_model_learns_on_toy_corpus" time="12.056" /><testcase classname="tests.test_microtorch_cfna_model" name="test_full_model_runs_vgrft_sft_via_microsftbackend" time="6.123" /><testcase classname="tests.test_microtorch_cfna_model" name="test_held_out_split_still_disjoint_for_full_model_sft" time="0.001" /><testcase classname="tests.test_microtorch_chat" name="test_conversation_turn_returns_text_and_tracks_transcript" time="0.517" /><testcase classname="tests.test_microtorch_chat" name="test_checkpoint_roundtrip" time="0.039" /><testcase classname="tests.test_microtorch_eval_harness" name="test_train_val_split_is_disjoint" time="0.001" /><testcase classname="tests.test_microtorch_eval_harness" name="test_baselines_train_and_are_causal" time="0.011" /><testcase classname="tests.test_microtorch_eval_harness" name="test_compare_reports_heldout_for_all" time="1.595" /><testcase classname="tests.test_microtorch_nn_primitives" name="test_shapes_and_backward" time="0.010" /><testcase classname="tests.test_microtorch_nn_primitives" name="test_local_attention_is_causal" time="0.002" /><testcase classname="tests.test_microtorch_nn_primitives" name="test_selective_ssm_is_causal" time="0.009" /><testcase classname="tests.test_microtorch_nn_primitives" name="test_masked_softmax_handles_fully_masked_rows" time="0.001" /><testcase classname="tests.test_microtorch_retrieval_training" name="test_retrieval_batch_shapes_and_recall" time="0.055" /><testcase classname="tests.test_microtorch_retrieval_training" name="test_retrieval_path_receives_gradients" time="0.133" /><testcase classname="tests.test_microtorch_retrieval_training" name="test_retrieval_improves_value_prediction" time="101.585" /><testcase classname="tests.test_microtorch_scaling" name="test_large_config_builds_at_target_scale" time="9.221" /><testcase classname="tests.test_microtorch_scaling" name="test_large_config_forward_on_tiny_input" time="13.825" /><testcase classname="tests.test_model_generate" name="test_generate_returns_continuation_only_and_no_prompt_echo" time="0.008" /><testcase classname="tests.test_model_generate" name="test_generate_honors_multibyte_stop_sequence" time="0.186" /><testcase classname="tests.test_model_generate" name="test_generate_passes_retrieval_tensors_every_step_and_evidence_can_change_output" time="0.013" /><testcase classname="tests.test_model_generate" name="test_generate_top_k_top_p_and_repetition_penalty_are_safe" time="0.011" /><testcase classname="tests.test_model_generate" name="test_generate_return_scores" time="0.007" /><testcase classname="tests.test_model_learns" name="test_forward_and_loss_shapes" time="0.110" /><testcase classname="tests.test_model_learns" name="test_model_is_causal" time="0.078" /><testcase classname="tests.test_model_learns" name="test_model_learns_on_toy_corpus" time="7.222" /><testcase classname="tests.test_nn_primitives" name="test_shapes_and_backward" time="0.016" /><testcase classname="tests.test_nn_primitives" name="test_local_attention_is_causal" time="0.006" /><testcase classname="tests.test_nn_primitives" name="test_selective_ssm_is_causal" time="0.011" /><testcase classname="tests.test_nn_primitives" name="test_masked_softmax_handles_fully_masked_rows" time="0.001" /><testcase classname="tests.test_ops" name="test_cosine_basic" time="0.001" /><testcase classname="tests.test_ops" name="test_softmax_sums_to_one" time="0.001" /><testcase classname="tests.test_ops" name="test_sigmoid_monotone" time="0.001" /><testcase classname="tests.test_ops" name="test_sparse_dot" time="0.001" /><testcase classname="tests.test_ops" name="test_hash_ngram_features_stable_and_overlapping" time="0.001" /><testcase classname="tests.test_ops" name="test_sha256_and_iso" time="0.001" /><testcase classname="tests.test_ops" name="test_l2_normalize_sparse" time="0.001" /><testcase classname="tests.test_perception" name="test_patching_covers_whole_stream_without_overlap" time="0.003" /><testcase classname="tests.test_perception" name="test_patch_length_bounds_respected" time="0.005" /><testcase classname="tests.test_perception" name="test_empty_input" time="0.001" /><testcase classname="tests.test_perception" name="test_encode_information_units_exact_and_local" time="0.002" /><testcase classname="tests.test_pipeline_components" name="test_perception_adapter_real_forward" time="0.038" /><testcase classname="tests.test_pipeline_components" name="test_typed_memory_step_and_sequence" time="0.148" /><testcase classname="tests.test_pipeline_components" name="test_hybrid_core_runs_over_modes" time="0.027" /><testcase classname="tests.test_pipeline_components" name="test_embeddings_and_routers_real" time="0.051" /><testcase classname="tests.test_pipeline_components" name="test_workspace_iterates_and_extracts" time="0.006" /><testcase classname="tests.test_pipeline_components" name="test_retrieval_surfaces_relevant_doc" time="0.064" /><testcase classname="tests.test_pipeline_components" name="test_pipeline_end_to_end_runs" time="4.989" /><testcase classname="tests.test_pipeline_inference_integration" name="test_renderer_prompt_contains_query_evidence_plan_reasoning_and_tool_outputs" time="0.001" /><testcase classname="tests.test_pipeline_inference_integration" name="test_renderer_revision_prompt_includes_verifier_feedback_and_reuses_evidence" time="0.001" /><testcase classname="tests.test_pipeline_inference_integration" name="test_verification_feedback_is_structured" time="0.001" /><testcase classname="tests.test_pipeline_inference_integration" name="test_surface_quality_failures_block_verification" time="0.001" /><testcase classname="tests.test_pipeline_inference_integration" name="test_repetitive_first_draft_can_trigger_one_revision_then_fail_if_still_bad" time="0.002" /><testcase classname="tests.test_pipeline_logic" name="test_module_imports[cfna]" time="0.001" /><testcase classname="tests.test_pipeline_logic" name="test_module_imports[cfna.types]" time="0.002" /><testcase classname="tests.test_pipeline_logic" name="test_module_imports[cfna.ops]" time="0.001" /><testcase classname="tests.test_pipeline_logic" name="test_module_imports[cfna.config]" time="0.001" /><testcase classname="tests.test_pipeline_logic" name="test_module_imports[cfna._backend]" time="0.001" /><testcase classname="tests.test_pipeline_logic" name="test_module_imports[cfna.ingestion]" time="0.001" /><testcase classname="tests.test_pipeline_logic" name="test_module_imports[cfna.parsing]" time="0.001" /><testcase classname="tests.test_pipeline_logic" name="test_module_imports[cfna.perception]" time="0.001" /><testcase classname="tests.test_pipeline_logic" name="test_module_imports[cfna.embeddings]" time="0.001" /><testcase classname="tests.test_pipeline_logic" name="test_module_imports[cfna.memory]" time="0.001" /><testcase classname="tests.test_pipeline_logic" name="test_module_imports[cfna.routers]" time="0.001" /><testcase classname="tests.test_pipeline_logic" name="test_module_imports[cfna.retrieval]" time="0.002" /><testcase classname="tests.test_pipeline_logic" name="test_module_imports[cfna.core]" time="0.002" /><testcase classname="tests.test_pipeline_logic" name="test_module_imports[cfna.workspace]" time="0.001" /><testcase classname="tests.test_pipeline_logic" name="test_module_imports[cfna.planning]" time="0.001" /><testcase classname="tests.test_pipeline_logic" name="test_module_imports[cfna.verification]" time="0.001" /><testcase classname="tests.test_pipeline_logic" name="test_module_imports[cfna.tools]" time="0.001" /><testcase classname="tests.test_pipeline_logic" name="test_module_imports[cfna.runtime]" time="0.001" /><testcase classname="tests.test_pipeline_logic" name="test_module_imports[cfna.schemas]" time="0.002" /><testcase classname="tests.test_pipeline_logic" name="test_module_imports[cfna.nn]" time="0.002" /><testcase classname="tests.test_pipeline_logic" name="test_module_imports[cfna.blocks]" time="0.001" /><testcase classname="tests.test_pipeline_logic" name="test_module_imports[cfna.segment]" time="0.001" /><testcase classname="tests.test_pipeline_logic" name="test_module_imports[cfna.model]" time="0.001" /><testcase classname="tests.test_pipeline_logic" name="test_module_imports[cfna.data]" time="0.001" /><testcase classname="tests.test_pipeline_logic" name="test_module_imports[cfna.impl]" time="0.002" /><testcase classname="tests.test_pipeline_logic" name="test_module_imports[cfna.pipeline]" time="0.002" /><testcase classname="tests.test_pipeline_logic" name="test_module_imports[cfna.retrieval_train]" time="0.002" /><testcase classname="tests.test_pipeline_logic" name="test_module_imports[cfna.baselines]" time="0.001" /><testcase classname="tests.test_pipeline_logic" name="test_module_imports[cfna.eval]" time="0.001" /><testcase classname="tests.test_pipeline_logic" name="test_module_imports[cfna.chat]" time="0.001" /><testcase classname="tests.test_pipeline_logic" name="test_module_imports[cfna.corpus]" time="0.001" /><testcase classname="tests.test_pipeline_logic" name="test_module_imports[cfna.corpus.sources]" time="0.001" /><testcase classname="tests.test_pipeline_logic" name="test_module_imports[cfna.corpus.build]" time="0.001" /><testcase classname="tests.test_pipeline_logic" name="test_module_imports[cfna.corpus.dataset]" time="0.002" /><testcase classname="tests.test_pipeline_logic" name="test_module_imports[cfna.microtorch]" time="0.001" /><testcase classname="tests.test_pipeline_logic" name="test_module_imports[cfna.microtorch.tensor]" time="0.001" /><testcase classname="tests.test_pipeline_logic" name="test_module_imports[cfna.microtorch.functional]" time="0.001" /><testcase classname="tests.test_pipeline_logic" name="test_module_imports[cfna.microtorch.nn]" time="0.001" /><testcase classname="tests.test_pipeline_logic" name="test_module_imports[cfna.microtorch.optim]" time="0.002" /><testcase classname="tests.test_pipeline_logic" name="test_module_imports[cfna.microtorch.models]" time="0.001" /><testcase classname="tests.test_pipeline_logic" name="test_module_imports[cfna.training]" time="0.003" /><testcase classname="tests.test_pipeline_logic" name="test_module_imports[cfna.training.curriculum]" time="0.001" /><testcase classname="tests.test_pipeline_logic" name="test_module_imports[cfna.training.episodes]" time="0.001" /><testcase classname="tests.test_pipeline_logic" name="test_module_imports[cfna.training.losses]" time="0.001" /><testcase classname="tests.test_pipeline_logic" name="test_module_imports[cfna.training.vgrft]" time="0.001" /><testcase classname="tests.test_pipeline_logic" name="test_verify_and_revise_passes_first_round" time="0.001" /><testcase classname="tests.test_pipeline_logic" name="test_verify_and_revise_revises_then_gives_up" time="0.001" /><testcase classname="tests.test_pipeline_logic" name="test_tool_executor_authority_gate" time="0.001" /><testcase classname="tests.test_prompt_aligned_sft" name="test_prompt_aligned_builder_writes_leakage_free_splits" time="0.390" /><testcase classname="tests.test_prompt_aligned_sft" name="test_inference_phase2_suite_counts" time="3.022" /><testcase classname="tests.test_prompt_aligned_sft" name="test_torch_batch_preserves_evidence_retrieval_tensors" time="0.004" /><testcase classname="tests.test_prompting" name="test_training_and_inference_share_markers" time="0.001" /><testcase classname="tests.test_prompting" name="test_extract_assistant_continuation_removes_prompt_and_stop" time="0.001" /><testcase classname="tests.test_prompting" name="test_revision_prompt_contains_feedback_evidence_and_plan" time="0.001" /><testcase classname="tests.test_prompting" name="test_structured_context_truncation_preserves_current_parts" time="0.001" /><testcase classname="tests.test_prompting" name="test_structured_context_limit_is_utf8_byte_safe_and_drops_old_turns_first" time="0.001" /><testcase classname="tests.test_provenance" name="test_genuine_valid_signature_is_verified" time="0.001" /><testcase classname="tests.test_provenance" name="test_body_changed_after_signing_fails" time="0.001" /><testcase classname="tests.test_provenance" name="test_effective_date_changed_after_signing_fails" time="0.001" /><testcase classname="tests.test_provenance" name="test_signature_copied_from_another_document_fails" time="0.001" /><testcase classname="tests.test_provenance" name="test_correct_looking_document_signed_by_wrong_key_fails" time="0.001" /><testcase classname="tests.test_provenance" name="test_expired_key_is_unverified" time="0.001" /><testcase classname="tests.test_provenance" name="test_revoked_key_is_revoked" time="0.002" /><testcase classname="tests.test_provenance" name="test_official_looking_unsigned_document_is_unverified" time="0.001" /><testcase classname="tests.test_provenance" name="test_fake_signed_metadata_fails" time="0.001" /><testcase classname="tests.test_provenance" name="test_stolen_key_verifies_then_revocation_catches_it" time="0.001" /><testcase classname="tests.test_provenance" name="test_final_trust_policy" time="0.001" /><testcase classname="tests.test_provenance_bench" name="test_provenance_gate_reduces_poison_without_excessive_rejection" time="4.493" /><testcase classname="tests.test_provenance_bench" name="test_compromised_key_requires_revocation" time="4.298" /><testcase classname="tests.test_provenance_v32" name="test_ingestion_records_verified_provenance" time="0.001" /><testcase classname="tests.test_provenance_v32" name="test_contract_rejects_failed_provenance_even_with_high_authority" time="0.001" /><testcase classname="tests.test_provenance_v32" name="test_verifier_flags_rejected_evidence" time="0.001" /><testcase classname="tests.test_provenance_v32" name="test_pipeline_memory_preserves_source_provenance" time="0.003" /><testcase classname="tests.test_provenance_v32" name="test_v32_reports_all_required_families_and_metrics" time="0.011" /><testcase classname="tests.test_provenance_v32" name="test_v32_gate_and_compromised_key_limits_are_explicit" time="0.011" /><testcase classname="tests.test_provenance_v33" name="test_v33_generates_at_least_100_multi_document_dev_cases" time="0.062" /><testcase classname="tests.test_provenance_v33" name="test_public_case_does_not_expose_hidden_gold" time="0.001" /><testcase classname="tests.test_provenance_v33" name="test_dev_artifact_marks_final_blind_labels_withheld" time="0.004" /><testcase classname="tests.test_provenance_v33" name="test_v33_reports_required_systems_metrics_and_ablations" time="1.633" /><testcase classname="tests.test_provenance_v33" name="test_v33_expected_mechanisms_have_interpretable_effects" time="2.446" /><testcase classname="tests.test_retrieval_memory_runtime" name="test_combine_scores_weighting" time="0.001" /><testcase classname="tests.test_retrieval_memory_runtime" name="test_consolidation_score_and_decision" time="0.001" /><testcase classname="tests.test_retrieval_memory_runtime" name="test_lora_starts_as_zero_delta_then_adapts" time="0.001" /><testcase classname="tests.test_retrieval_memory_runtime" name="test_schema_examples_match_required_fields" time="0.003" /><testcase classname="tests.test_retrieval_training" name="test_retrieval_batch_shapes_and_recall" time="0.043" /><testcase classname="tests.test_retrieval_training" name="test_retrieval_path_receives_gradients" time="0.168" /><testcase classname="tests.test_retrieval_training" name="test_retrieval_improves_value_prediction" time="72.054" /><testcase classname="tests.test_revise" name="test_revise_draft_removes_unsupported_claim" time="0.001" /><testcase classname="tests.test_revise" name="test_verify_and_revise_passes_after_removing_unsupported_claim" time="0.002" /><testcase classname="tests.test_scaling" name="test_large_config_builds_at_target_scale" time="3.208" /><testcase classname="tests.test_scaling" name="test_large_config_forward_on_tiny_input" time="4.423" /><testcase classname="tests.test_sft" name="test_tags_match_conversation_layout" time="0.001" /><testcase classname="tests.test_sft" name="test_encode_example_masks_only_the_response_and_its_stop_byte" time="0.001" /><testcase classname="tests.test_sft" name="test_make_sft_batch_shapes_and_padding_mask" time="0.001" /><testcase classname="tests.test_sft" name="test_held_out_split_is_disjoint_and_covers_all_examples" time="0.001" /><testcase classname="tests.test_sft" name="test_sft_loss_decreases_on_a_toy_dialogue_set" time="11.481" /><testcase classname="tests.test_sft" name="test_vgrft_supervised_instruction_tune_runs_with_torch_backend" time="1.473" /><testcase classname="tests.test_sft" name="test_vgrft_stage1_still_raises_without_a_compatible_backend" time="0.001" /><testcase classname="tests.test_sft" name="test_vgrft_other_stages_are_still_unimplemented" time="0.007" /><testcase classname="tests.test_sft_microtorch" name="test_encode_example_masks_only_the_response_and_its_stop_byte" time="0.001" /><testcase classname="tests.test_sft_microtorch" name="test_make_sft_batch_shapes_and_padding_mask" time="0.001" /><testcase classname="tests.test_sft_microtorch" name="test_held_out_split_is_disjoint_and_covers_all_examples" time="0.001" /><testcase classname="tests.test_sft_microtorch" name="test_masked_cross_entropy_matches_manual_row_filter" time="0.002" /><testcase classname="tests.test_sft_microtorch" name="test_masked_loss_matches_manual_single_position_cross_entropy" time="0.004" /><testcase classname="tests.test_sft_microtorch" name="test_micro_dialogue_sft_loss_decreases_on_a_toy_set" time="11.920" /><testcase classname="tests.test_sft_microtorch" name="test_vgrft_supervised_instruction_tune_runs_with_microtorch_backend" time="1.752" /><testcase classname="tests.test_sharded_sft" name="test_prompt_bytes_contribute_zero_gradient_response_bytes_do" time="0.141" /><testcase classname="tests.test_sharded_sft" name="test_masked_token_loss_matches_manual_single_position_reference" time="0.033" /><testcase classname="tests.test_sharded_sft" name="test_encode_messages_masks_the_trailing_stop_byte" time="0.001" /><testcase classname="tests.test_sharded_sft" name="test_generation_terminates_at_stop_byte" time="0.031" /><testcase classname="tests.test_sharded_sft" name="test_generation_respects_min_new_before_checking_stop_bytes" time="0.394" /><testcase classname="tests.test_sharded_sft" name="test_generation_without_stop_bytes_runs_to_max_new" time="0.237" /><testcase classname="tests.test_sharded_sft" name="test_checkpoint_roundtrip_restores_weights_and_optimizer_state" time="0.226" /><testcase classname="tests.test_sharded_sft" name="test_resume_continues_from_correct_shard_and_step_with_continuous_state" time="2.605" /><testcase classname="tests.test_sharded_sft" name="test_best_checkpoint_is_selected_by_validation_not_last_shard" time="0.984" /><testcase classname="tests.test_types_and_config" name="test_authority_order_matches_literal" time="0.001" /><testcase classname="tests.test_types_and_config" name="test_channels_constants" time="0.001" /><testcase classname="tests.test_types_and_config" name="test_dataclass_defaults_construct" time="0.001" /><testcase classname="tests.test_types_and_config" name="test_default_config_param_budget" time="0.001" /><testcase classname="tests.test_types_and_config" name="test_retrieval_weights_present" time="0.002" /></testsuite></testsuites>